0 info it worked if it ends with ok
1 verbose cli [ '/usr/local/bin/node', '/usr/local/bin/npm', 'run', 'lint' ]
2 info using npm@3.10.10
3 info using node@v7.2.1
4 verbose run-script [ 'prelint', 'lint', 'postlint' ]
5 info lifecycle redux-todos-example@0.0.0~prelint: redux-todos-example@0.0.0
6 silly lifecycle redux-todos-example@0.0.0~prelint: no script for prelint, continuing
7 info lifecycle redux-todos-example@0.0.0~lint: redux-todos-example@0.0.0
8 verbose lifecycle redux-todos-example@0.0.0~lint: unsafe-perm in lifecycle true
9 verbose lifecycle redux-todos-example@0.0.0~lint: PATH: /usr/local/lib/node_modules/npm/bin/node-gyp-bin:/home/mariusz/Projects/JS/egghead-test1/node_modules/.bin:/home/mariusz/.oh-my-zsh/custom/plugins/git-open:/home/mariusz/bin:/home/mariusz/.local/bin:/usr/local/sbin:/usr/local/bin:/usr/sbin:/usr/bin:/sbin:/bin:/usr/games:/usr/local/games:/snap/bin:/usr/lib/jvm/java-8-oracle/bin:/usr/lib/jvm/java-8-oracle/db/bin:/usr/lib/jvm/java-8-oracle/jre/bin:/home/mariusz/Android/Sdk/tools:/home/mariusz/Android/Sdk/platform-tools:/usr/bin/geckodriver
10 verbose lifecycle redux-todos-example@0.0.0~lint: CWD: /home/mariusz/Projects/JS/egghead-test1
11 silly lifecycle redux-todos-example@0.0.0~lint: Args: [ '-c', 'eslint src' ]
12 silly lifecycle redux-todos-example@0.0.0~lint: Returned: code: 1  signal: null
13 info lifecycle redux-todos-example@0.0.0~lint: Failed to exec lint script
14 verbose stack Error: redux-todos-example@0.0.0 lint: `eslint src`
14 verbose stack Exit status 1
14 verbose stack     at EventEmitter.<anonymous> (/usr/local/lib/node_modules/npm/lib/utils/lifecycle.js:255:16)
14 verbose stack     at emitTwo (events.js:106:13)
14 verbose stack     at EventEmitter.emit (events.js:191:7)
14 verbose stack     at ChildProcess.<anonymous> (/usr/local/lib/node_modules/npm/lib/utils/spawn.js:40:14)
14 verbose stack     at emitTwo (events.js:106:13)
14 verbose stack     at ChildProcess.emit (events.js:191:7)
14 verbose stack     at maybeClose (internal/child_process.js:885:16)
14 verbose stack     at Process.ChildProcess._handle.onexit (internal/child_process.js:226:5)
15 verbose pkgid redux-todos-example@0.0.0
16 verbose cwd /home/mariusz/Projects/JS/egghead-test1
17 error Linux 4.8.0-41-generic
18 error argv "/usr/local/bin/node" "/usr/local/bin/npm" "run" "lint"
19 error node v7.2.1
20 error npm  v3.10.10
21 error code ELIFECYCLE
22 error redux-todos-example@0.0.0 lint: `eslint src`
22 error Exit status 1
23 error Failed at the redux-todos-example@0.0.0 lint script 'eslint src'.
23 error Make sure you have the latest version of node.js and npm installed.
23 error If you do, this is most likely a problem with the redux-todos-example package,
23 error not with npm itself.
23 error Tell the author that this fails on your system:
23 error     eslint src
23 error You can get information on how to open an issue for this project with:
23 error     npm bugs redux-todos-example
23 error Or if that isn't available, you can get their info via:
23 error     npm owner ls redux-todos-example
23 error There is likely additional logging output above.
24 verbose exit [ 1, true ]
